Traceback (most recent call last):
  File "/home/frederikwr/anaconda3/envs/WindBro/lib/python3.11/site-packages/jupyter_cache/executors/utils.py", line 58, in single_nb_execution
    executenb(
  File "/home/frederikwr/anaconda3/envs/WindBro/lib/python3.11/site-packages/nbclient/client.py", line 1204, in execute
    return NotebookClient(nb=nb, resources=resources, km=km, **kwargs).execute()
           ^^^^^^^^^^^^^^^^^^^^^^^^^^^^^^^^^^^^^^^^^^^^^^^^^^^^^^^^^^^^^^^^^^^^^
  File "/home/frederikwr/anaconda3/envs/WindBro/lib/python3.11/site-packages/nbclient/util.py", line 84, in wrapped
    return just_run(coro(*args, **kwargs))
           ^^^^^^^^^^^^^^^^^^^^^^^^^^^^^^^
  File "/home/frederikwr/anaconda3/envs/WindBro/lib/python3.11/site-packages/nbclient/util.py", line 62, in just_run
    return loop.run_until_complete(coro)
           ^^^^^^^^^^^^^^^^^^^^^^^^^^^^^
  File "/home/frederikwr/anaconda3/envs/WindBro/lib/python3.11/asyncio/base_events.py", line 653, in run_until_complete
    return future.result()
           ^^^^^^^^^^^^^^^
  File "/home/frederikwr/anaconda3/envs/WindBro/lib/python3.11/site-packages/nbclient/client.py", line 663, in async_execute
    await self.async_execute_cell(
  File "/home/frederikwr/anaconda3/envs/WindBro/lib/python3.11/site-packages/nbclient/client.py", line 965, in async_execute_cell
    await self._check_raise_for_error(cell, cell_index, exec_reply)
  File "/home/frederikwr/anaconda3/envs/WindBro/lib/python3.11/site-packages/nbclient/client.py", line 862, in _check_raise_for_error
    raise CellExecutionError.from_cell_and_msg(cell, exec_reply_content)
nbclient.exceptions.CellExecutionError: An error occurred while executing the following cell:
------------------
Gr = Gs = Gm = 0.5 # for Porous ground (Implement mixed ground)
startPoint = np.array([0, 0, 0])
endPoint = np.array([10, 10, 10])
SR_line = Line(startPoint, endPoint)
d = SR_line.length_3d()
dp = SR_line.length_2d()
hs = 100 # height source [m]
hr = 0 # height receiver [m]
As = calcA(f, hs, Gs)
Ar = calcA(f, hr, Gr)
Am = calcAm(f, dp, hs, hr, Gm)
Agr = As + Ar + Am

hm = (hs + hr) / 2
Agr = 4.8 - (2 * hm / d) * (17 + (300 / d))
if Agr < 0:
    Agr = 0

------------------

[0;31m---------------------------------------------------------------------------[0m
[0;31mNameError[0m                                 Traceback (most recent call last)
Cell [0;32mIn[3], line 9[0m
[1;32m      7[0m hs [38;5;241m=[39m [38;5;241m100[39m [38;5;66;03m# height source [m][39;00m
[1;32m      8[0m hr [38;5;241m=[39m [38;5;241m0[39m [38;5;66;03m# height receiver [m][39;00m
[0;32m----> 9[0m As [38;5;241m=[39m calcA(f, hs, Gs)
[1;32m     10[0m Ar [38;5;241m=[39m calcA(f, hr, Gr)
[1;32m     11[0m Am [38;5;241m=[39m calcAm(f, dp, hs, hr, Gm)

[0;31mNameError[0m: name 'calcA' is not defined
NameError: name 'calcA' is not defined

