Traceback (most recent call last):
  File "/home/frederikwr/anaconda3/envs/WindBro/lib/python3.11/site-packages/jupyter_cache/executors/utils.py", line 58, in single_nb_execution
    executenb(
  File "/home/frederikwr/anaconda3/envs/WindBro/lib/python3.11/site-packages/nbclient/client.py", line 1204, in execute
    return NotebookClient(nb=nb, resources=resources, km=km, **kwargs).execute()
           ^^^^^^^^^^^^^^^^^^^^^^^^^^^^^^^^^^^^^^^^^^^^^^^^^^^^^^^^^^^^^^^^^^^^^
  File "/home/frederikwr/anaconda3/envs/WindBro/lib/python3.11/site-packages/nbclient/util.py", line 84, in wrapped
    return just_run(coro(*args, **kwargs))
           ^^^^^^^^^^^^^^^^^^^^^^^^^^^^^^^
  File "/home/frederikwr/anaconda3/envs/WindBro/lib/python3.11/site-packages/nbclient/util.py", line 62, in just_run
    return loop.run_until_complete(coro)
           ^^^^^^^^^^^^^^^^^^^^^^^^^^^^^
  File "/home/frederikwr/anaconda3/envs/WindBro/lib/python3.11/asyncio/base_events.py", line 653, in run_until_complete
    return future.result()
           ^^^^^^^^^^^^^^^
  File "/home/frederikwr/anaconda3/envs/WindBro/lib/python3.11/site-packages/nbclient/client.py", line 663, in async_execute
    await self.async_execute_cell(
  File "/home/frederikwr/anaconda3/envs/WindBro/lib/python3.11/site-packages/nbclient/client.py", line 965, in async_execute_cell
    await self._check_raise_for_error(cell, cell_index, exec_reply)
  File "/home/frederikwr/anaconda3/envs/WindBro/lib/python3.11/site-packages/nbclient/client.py", line 862, in _check_raise_for_error
    raise CellExecutionError.from_cell_and_msg(cell, exec_reply_content)
nbclient.exceptions.CellExecutionError: An error occurred while executing the following cell:
------------------
import os
from pathlib import Path
import sys
sys.path.append(str(Path(os.getcwd()).parent.parent))
from src.utils import print_code
import numpy as np
import matplotlib.pyplot as plt
from matplotlib.animation import FuncAnimation, PillowWriter
from IPython.display import HTML, display, Image

# Constants
width = 3000  # Width of the simulation grid
height = width  # Height of the simulation grid
center_x =0 # # X-coordinate of the point source
center_y = 0 #  # Y-coordinate of the point source
frequency = 0.5 # frequency
amplitude = 100  # Amplitude of the oscillation
speed = 300  # Speed of wave propagation
duration = 3 # Duration of the simulation
fps = 10  # Frames per second
res = 500
wavelength = speed / frequency
angular_frequency = 2 * np.pi * frequency
wave_number = 2 * np.pi / wavelength

x, y = np.meshgrid(np.linspace(-width, width, res), np.linspace(-height, height, res))

fig,ax = plt.subplots()
time = 0 / fps
distance = np.sqrt((x - center_x)**2 + (y - center_y)**2)
wave = np.abs(np.maximum(0, (amplitude - 20*np.log10(distance) - 11)) * np.sin(angular_frequency * time - wave_number * distance))
cb = ax.imshow(wave, cmap='jet', origin='lower', extent=[-width, width, -height, height], vmin=0, vmax=amplitude)
plt.colorbar(cb, ax= ax, label = "SPL [dB]")
ax.set(xlabel= " X [m]",
       ylabel = "Y [m]")
plt.close()
def update(frame):
    global grid
    time = frame / fps
    distance = np.sqrt((x - center_x)**2 + (y - center_y)**2)
    wave = np.abs(np.maximum(0,(amplitude - 20*np.log10(distance) - 11)) * np.sin(angular_frequency * time - wave_number* distance))
    ax.imshow(wave, cmap='jet', origin='lower', extent=[-width, width, -height, height], vmin=0, vmax=amplitude)
animation = FuncAnimation(fig, update, frames= int(duration * fps), interval= 1/fps)

animation.save('../../temp/ripple.gif',writer=PillowWriter(fps=fps))
Image(open('../../temp/ripple.gif','rb').read())
------------------

[0;31m---------------------------------------------------------------------------[0m
[0;31mModuleNotFoundError[0m                       Traceback (most recent call last)
Cell [0;32mIn[1], line 5[0m
[1;32m      3[0m [38;5;28;01mimport[39;00m [38;5;21;01msys[39;00m
[1;32m      4[0m sys[38;5;241m.[39mpath[38;5;241m.[39mappend([38;5;28mstr[39m(Path(os[38;5;241m.[39mgetcwd())[38;5;241m.[39mparent[38;5;241m.[39mparent))
[0;32m----> 5[0m [38;5;28;01mfrom[39;00m [38;5;21;01msrc[39;00m[38;5;21;01m.[39;00m[38;5;21;01mutils[39;00m [38;5;28;01mimport[39;00m print_code
[1;32m      6[0m [38;5;28;01mimport[39;00m [38;5;21;01mnumpy[39;00m [38;5;28;01mas[39;00m [38;5;21;01mnp[39;00m
[1;32m      7[0m [38;5;28;01mimport[39;00m [38;5;21;01mmatplotlib[39;00m[38;5;21;01m.[39;00m[38;5;21;01mpyplot[39;00m [38;5;28;01mas[39;00m [38;5;21;01mplt[39;00m

[0;31mModuleNotFoundError[0m: No module named 'src.utils'
ModuleNotFoundError: No module named 'src.utils'

